app/build/intermediates/manifest_merge_blame_file/debug/manifest-merger-blame-debug-report.txt
1<?xml version="1.0" encoding="utf-8"?>
2<manifest xmlns:android="http://schemas.android.com/apk/res/android"
3    package="com.example.contactapp"
4    android:versionCode="1"
5    android:versionName="1.0" >
6
7    <uses-sdk
8        android:minSdkVersion="19"
8-->src\main\AndroidManifest.xml
9        android:targetSdkVersion="30" />
9-->src\main\AndroidManifest.xml
10
11    <uses-permission android:name="android.permission.INTERNET" />
11-->src\main\AndroidManifest.xml:5:5-67
11-->src\main\AndroidManifest.xml:5:22-64
12    <uses-permission android:name="android.permission.ACCESS_NETWORK_STATE" />
12-->[com.firebaseui:firebase-ui-auth:6.4.0] AndroidManifest.xml:12:5-79
12-->[com.firebaseui:firebase-ui-auth:6.4.0] AndroidManifest.xml:12:22-76
13    <uses-permission android:name="android.permission.WAKE_LOCK" /> <!-- Android package visibility setting -->
13-->[com.google.android.gms:play-services-measurement-api:19.0.0] AndroidManifest.xml:24:5-68
13-->[com.google.android.gms:play-services-measurement-api:19.0.0] AndroidManifest.xml:24:22-65
14    <queries>
14-->[com.google.android.gms:play-services-ads-lite:20.1.0] AndroidManifest.xml:27:5-43:15
15
16        <!-- For browser content -->
17        <intent>
17-->[com.google.android.gms:play-services-ads-lite:20.1.0] AndroidManifest.xml:30:9-36:18
18            <action android:name="android.intent.action.VIEW" />
18-->[com.firebaseui:firebase-ui-auth:6.4.0] AndroidManifest.xml:93:17-69
18-->[com.firebaseui:firebase-ui-auth:6.4.0] AndroidManifest.xml:93:25-66
19
20            <category android:name="android.intent.category.BROWSABLE" />
20-->[com.firebaseui:firebase-ui-auth:6.4.0] AndroidManifest.xml:96:17-78
20-->[com.firebaseui:firebase-ui-auth:6.4.0] AndroidManifest.xml:96:27-75
21
22            <data android:scheme="https" />
22-->[com.firebaseui:firebase-ui-auth:6.4.0] AndroidManifest.xml:98:17-81
22-->[com.firebaseui:firebase-ui-auth:6.4.0] AndroidManifest.xml:98:23-78
23        </intent>
24        <!-- End of browser content -->
25        <!-- For CustomTabsService -->
26        <intent>
26-->[com.google.android.gms:play-services-ads-lite:20.1.0] AndroidManifest.xml:39:9-41:18
27            <action android:name="android.support.customtabs.action.CustomTabsService" />
27-->[com.google.android.gms:play-services-ads-lite:20.1.0] AndroidManifest.xml:40:13-90
27-->[com.google.android.gms:play-services-ads-lite:20.1.0] AndroidManifest.xml:40:21-87
28        </intent>
29        <!-- End of CustomTabsService -->
30    </queries>
31
32    <uses-permission android:name="com.google.android.finsky.permission.BIND_GET_INSTALL_REFERRER_SERVICE" />
32-->[com.google.android.gms:play-services-measurement:19.0.0] AndroidManifest.xml:26:5-110
32-->[com.google.android.gms:play-services-measurement:19.0.0] AndroidManifest.xml:26:22-107
33    <uses-permission android:name="android.permission.RECEIVE_BOOT_COMPLETED" />
33-->[androidx.work:work-runtime:2.1.0] AndroidManifest.xml:27:5-81
33-->[androidx.work:work-runtime:2.1.0] AndroidManifest.xml:27:22-78
34
35    <application
35-->src\main\AndroidManifest.xml:7:5-72:19
36        android:name="androidx.multidex.MultiDexApplication"
37        android:allowBackup="true"
37-->src\main\AndroidManifest.xml:8:9-35
38        android:appComponentFactory="androidx.core.app.CoreComponentFactory"
38-->[androidx.core:core:1.3.2] AndroidManifest.xml:24:18-86
39        android:debuggable="true"
40        android:icon="@mipmap/ic_launcher"
40-->src\main\AndroidManifest.xml:9:9-43
41        android:label="@string/app_name"
41-->src\main\AndroidManifest.xml:10:9-41
42        android:roundIcon="@mipmap/ic_launcher_round"
42-->src\main\AndroidManifest.xml:11:9-54
43        android:supportsRtl="true"
43-->src\main\AndroidManifest.xml:12:9-35
44        android:testOnly="true"
45        android:theme="@style/Theme.ContactApp" >
45-->src\main\AndroidManifest.xml:14:9-48
46        <activity android:name="com.example.contactapp.Bottom_Nav_Main" />
46-->src\main\AndroidManifest.xml:15:9-62
46-->src\main\AndroidManifest.xml:15:19-50
47        <activity android:name="com.example.contactapp.RegisterActivity" />
47-->src\main\AndroidManifest.xml:16:9-54
47-->src\main\AndroidManifest.xml:16:19-51
48        <activity android:name="com.example.contactapp.LoginActivity" />
48-->src\main\AndroidManifest.xml:17:9-51
48-->src\main\AndroidManifest.xml:17:19-48
49        <activity android:name="com.example.contactapp.ChangePasswordActivity" />
49-->src\main\AndroidManifest.xml:18:9-60
49-->src\main\AndroidManifest.xml:18:19-57
50        <activity android:name="com.example.contactapp.Teacher.Class.TeacherClassActivity" />
50-->src\main\AndroidManifest.xml:19:9-72
50-->src\main\AndroidManifest.xml:19:19-69
51        <activity android:name="com.example.contactapp.Teacher.Exercises.TeacherExercisesActivity" />
51-->src\main\AndroidManifest.xml:20:9-80
51-->src\main\AndroidManifest.xml:20:19-77
52        <activity android:name="com.example.contactapp.Teacher.Exercises.TeacherExerciseInsert" />
52-->src\main\AndroidManifest.xml:21:9-77
52-->src\main\AndroidManifest.xml:21:19-74
53        <activity android:name="com.example.contactapp.Teacher.Profile.TeacherProfileActivity" />
53-->src\main\AndroidManifest.xml:22:9-76
53-->src\main\AndroidManifest.xml:22:19-73
54        <activity android:name="com.example.contactapp.Teacher.Profile.TeacherProfileEdit" />
54-->src\main\AndroidManifest.xml:23:9-72
54-->src\main\AndroidManifest.xml:23:19-69
55        <activity android:name="com.example.contactapp.Teacher.Profile.TeacherBackgroundProfile" />
55-->src\main\AndroidManifest.xml:24:9-78
55-->src\main\AndroidManifest.xml:24:19-75
56        <activity android:name="com.example.contactapp.Teacher.Home.TeacherHomeActivity" />
56-->src\main\AndroidManifest.xml:25:9-70
56-->src\main\AndroidManifest.xml:25:19-67
57        <activity android:name="com.example.contactapp.Teacher.Exercises.TeacherExerciseEdit" />
57-->src\main\AndroidManifest.xml:26:9-75
57-->src\main\AndroidManifest.xml:26:19-72
58        <activity android:name="com.example.contactapp.Teacher.Course.TeacherCourseActivity" />
58-->src\main\AndroidManifest.xml:27:9-74
58-->src\main\AndroidManifest.xml:27:19-71
59        <activity android:name="com.example.contactapp.Quanly.Quanly" />
59-->src\main\AndroidManifest.xml:30:9-51
59-->src\main\AndroidManifest.xml:30:19-48
60        <activity android:name="com.example.contactapp.Student.ProfileStudent" />
60-->src\main\AndroidManifest.xml:32:9-69
60-->src\main\AndroidManifest.xml:32:19-57
61        <activity android:name="com.example.contactapp.Student.Home" />
61-->src\main\AndroidManifest.xml:33:9-50
61-->src\main\AndroidManifest.xml:33:19-47
62        <activity android:name="com.example.contactapp.Student.ParentHome" />
62-->src\main\AndroidManifest.xml:34:9-56
62-->src\main\AndroidManifest.xml:34:19-53
63        <activity android:name="com.example.contactapp.Student.Point" />
63-->src\main\AndroidManifest.xml:35:9-51
63-->src\main\AndroidManifest.xml:35:19-48
64        <activity android:name="com.example.contactapp.Student.DeadlineDetail" />
64-->src\main\AndroidManifest.xml:36:9-60
64-->src\main\AndroidManifest.xml:36:19-57
65        <activity android:name="com.example.contactapp.Student.StydyPriceDetail" />
65-->src\main\AndroidManifest.xml:37:9-62
65-->src\main\AndroidManifest.xml:37:19-59
66        <activity android:name="com.example.contactapp.Student.Deadline" />
66-->src\main\AndroidManifest.xml:38:9-54
66-->src\main\AndroidManifest.xml:38:19-51
67        <activity android:name="com.example.contactapp.Student.TestSchedule" />
67-->src\main\AndroidManifest.xml:39:9-58
67-->src\main\AndroidManifest.xml:39:19-55
68        <activity android:name="com.example.contactapp.Student.Schedule" />
68-->src\main\AndroidManifest.xml:40:9-54
68-->src\main\AndroidManifest.xml:40:19-51
69        <activity android:name="com.example.contactapp.Student.ChangePassword" />
69-->src\main\AndroidManifest.xml:42:9-60
69-->src\main\AndroidManifest.xml:42:19-57
70        <activity android:name="com.example.contactapp.Student.EditProfileUser" />
70-->src\main\AndroidManifest.xml:43:9-61
70-->src\main\AndroidManifest.xml:43:19-58
71        <activity android:name="com.example.contactapp.Student.ProfileUserDetail" />
71-->src\main\AndroidManifest.xml:44:9-63
71-->src\main\AndroidManifest.xml:44:19-60
72        <activity android:name="com.example.contactapp.Admin.AdminManager" />
72-->src\main\AndroidManifest.xml:46:9-65
72-->src\main\AndroidManifest.xml:46:19-53
73        <activity android:name="com.example.contactapp.Admin.ListClass" />
73-->src\main\AndroidManifest.xml:48:9-62
73-->src\main\AndroidManifest.xml:48:19-50
74        <activity android:name="com.example.contactapp.Admin.ListCourse" />
74-->src\main\AndroidManifest.xml:49:9-63
74-->src\main\AndroidManifest.xml:49:19-51
75        <activity android:name="com.example.contactapp.Admin.ListStudent" />
75-->src\main\AndroidManifest.xml:50:9-64
75-->src\main\AndroidManifest.xml:50:19-52
76        <activity android:name="com.example.contactapp.Admin.Student" />
76-->src\main\AndroidManifest.xml:51:9-60
76-->src\main\AndroidManifest.xml:51:19-48
77        <activity android:name="com.example.contactapp.Admin.EditStudent" />
77-->src\main\AndroidManifest.xml:52:9-64
77-->src\main\AndroidManifest.xml:52:19-52
78        <activity android:name="com.example.contactapp.Admin.ListManager" />
78-->src\main\AndroidManifest.xml:53:9-64
78-->src\main\AndroidManifest.xml:53:19-52
79        <activity android:name="com.example.contactapp.Admin.ManagerInfo" />
79-->src\main\AndroidManifest.xml:54:9-64
79-->src\main\AndroidManifest.xml:54:19-52
80        <activity
80-->src\main\AndroidManifest.xml:57:9-65:20
81            android:name="com.example.contactapp.MainActivity"
81-->src\main\AndroidManifest.xml:58:13-41
82            android:label="@string/app_name" >
82-->src\main\AndroidManifest.xml:59:13-45
83            <intent-filter>
83-->src\main\AndroidManifest.xml:60:13-64:29
84                <action android:name="android.intent.action.MAIN" />
84-->src\main\AndroidManifest.xml:61:17-69
84-->src\main\AndroidManifest.xml:61:25-66
85
86                <category android:name="android.intent.category.LAUNCHER" />
86-->src\main\AndroidManifest.xml:63:17-77
86-->src\main\AndroidManifest.xml:63:27-74
87            </intent-filter>
88        </activity>
89
90        <meta-data
90-->src\main\AndroidManifest.xml:68:9-70:36
91            android:name="com.google.android.gms.ads.AD_MANAGER_APP"
91-->src\main\AndroidManifest.xml:69:13-69
92            android:value="true" />
92-->src\main\AndroidManifest.xml:70:13-33
93        <meta-data
93-->[com.firebaseui:firebase-ui-auth:6.4.0] AndroidManifest.xml:16:9-18:69
94            android:name="com.google.android.gms.version"
94-->[com.firebaseui:firebase-ui-auth:6.4.0] AndroidManifest.xml:17:13-58
95            android:value="@integer/google_play_services_version" />
95-->[com.firebaseui:firebase-ui-auth:6.4.0] AndroidManifest.xml:18:13-66
96        <meta-data
96-->[com.firebaseui:firebase-ui-auth:6.4.0] AndroidManifest.xml:19:9-21:63
97            android:name="com.facebook.sdk.ApplicationId"
97-->[com.firebaseui:firebase-ui-auth:6.4.0] AndroidManifest.xml:20:13-58
98            android:value="@string/facebook_application_id" />
98-->[com.firebaseui:firebase-ui-auth:6.4.0] AndroidManifest.xml:21:13-60
99
100        <activity
100-->[com.firebaseui:firebase-ui-auth:6.4.0] AndroidManifest.xml:23:9-27:61
101            android:name="com.firebase.ui.auth.KickoffActivity"
101-->[com.firebaseui:firebase-ui-auth:6.4.0] AndroidManifest.xml:24:13-64
102            android:exported="false"
102-->[com.firebaseui:firebase-ui-auth:6.4.0] AndroidManifest.xml:25:13-37
103            android:label=""
103-->[com.firebaseui:firebase-ui-auth:6.4.0] AndroidManifest.xml:26:13-29
104            android:theme="@style/FirebaseUI.Transparent" />
104-->[com.firebaseui:firebase-ui-auth:6.4.0] AndroidManifest.xml:27:13-58
105        <activity
105-->[com.firebaseui:firebase-ui-auth:6.4.0] AndroidManifest.xml:28:9-32:61
106            android:name="com.firebase.ui.auth.ui.idp.SingleSignInActivity"
106-->[com.firebaseui:firebase-ui-auth:6.4.0] AndroidManifest.xml:29:13-76
107            android:exported="false"
107-->[com.firebaseui:firebase-ui-auth:6.4.0] AndroidManifest.xml:30:13-37
108            android:label=""
108-->[com.firebaseui:firebase-ui-auth:6.4.0] AndroidManifest.xml:31:13-29
109            android:theme="@style/FirebaseUI.Transparent" />
109-->[com.firebaseui:firebase-ui-auth:6.4.0] AndroidManifest.xml:32:13-58
110        <activity
110-->[com.firebaseui:firebase-ui-auth:6.4.0] AndroidManifest.xml:33:9-37:61
111            android:name="com.firebase.ui.auth.ui.credentials.CredentialSaveActivity"
111-->[com.firebaseui:firebase-ui-auth:6.4.0] AndroidManifest.xml:34:13-86
112            android:exported="false"
112-->[com.firebaseui:firebase-ui-auth:6.4.0] AndroidManifest.xml:35:13-37
113            android:label=""
113-->[com.firebaseui:firebase-ui-auth:6.4.0] AndroidManifest.xml:36:13-29
114            android:theme="@style/FirebaseUI.Transparent" />
114-->[com.firebaseui:firebase-ui-auth:6.4.0] AndroidManifest.xml:37:13-58
115        <activity
115-->[com.firebaseui:firebase-ui-auth:6.4.0] AndroidManifest.xml:38:9-42:58
116            android:name="com.firebase.ui.auth.ui.email.RecoverPasswordActivity"
116-->[com.firebaseui:firebase-ui-auth:6.4.0] AndroidManifest.xml:39:13-81
117            android:exported="false"
117-->[com.firebaseui:firebase-ui-auth:6.4.0] AndroidManifest.xml:40:13-37
118            android:label="@string/fui_title_recover_password_activity"
118-->[com.firebaseui:firebase-ui-auth:6.4.0] AndroidManifest.xml:41:13-72
119            android:windowSoftInputMode="adjustResize" />
119-->[com.firebaseui:firebase-ui-auth:6.4.0] AndroidManifest.xml:42:13-55
120        <activity
120-->[com.firebaseui:firebase-ui-auth:6.4.0] AndroidManifest.xml:43:9-47:58
121            android:name="com.firebase.ui.auth.ui.email.EmailActivity"
121-->[com.firebaseui:firebase-ui-auth:6.4.0] AndroidManifest.xml:44:13-71
122            android:exported="false"
122-->[com.firebaseui:firebase-ui-auth:6.4.0] AndroidManifest.xml:45:13-37
123            android:label="@string/fui_sign_in_default"
123-->[com.firebaseui:firebase-ui-auth:6.4.0] AndroidManifest.xml:46:13-56
124            android:windowSoftInputMode="adjustResize" />
124-->[com.firebaseui:firebase-ui-auth:6.4.0] AndroidManifest.xml:47:13-55
125        <activity
125-->[com.firebaseui:firebase-ui-auth:6.4.0] AndroidManifest.xml:48:9-52:77
126            android:name="com.firebase.ui.auth.ui.phone.PhoneActivity"
126-->[com.firebaseui:firebase-ui-auth:6.4.0] AndroidManifest.xml:49:13-71
127            android:exported="false"
127-->[com.firebaseui:firebase-ui-auth:6.4.0] AndroidManifest.xml:50:13-37
128            android:label="@string/fui_sign_in_with_phone_number"
128-->[com.firebaseui:firebase-ui-auth:6.4.0] AndroidManifest.xml:51:13-66
129            android:windowSoftInputMode="adjustResize|stateAlwaysVisible" />
129-->[com.firebaseui:firebase-ui-auth:6.4.0] AndroidManifest.xml:52:13-74
130        <activity
130-->[com.firebaseui:firebase-ui-auth:6.4.0] AndroidManifest.xml:53:9-57:58
131            android:name="com.firebase.ui.auth.ui.idp.WelcomeBackIdpPrompt"
131-->[com.firebaseui:firebase-ui-auth:6.4.0] AndroidManifest.xml:54:13-76
132            android:exported="false"
132-->[com.firebaseui:firebase-ui-auth:6.4.0] AndroidManifest.xml:55:13-37
133            android:label="@string/fui_title_welcome_back_idp_prompt"
133-->[com.firebaseui:firebase-ui-auth:6.4.0] AndroidManifest.xml:56:13-70
134            android:windowSoftInputMode="adjustResize" />
134-->[com.firebaseui:firebase-ui-auth:6.4.0] AndroidManifest.xml:57:13-55
135        <activity
135-->[com.firebaseui:firebase-ui-auth:6.4.0] AndroidManifest.xml:58:9-62:58
136            android:name="com.firebase.ui.auth.ui.email.WelcomeBackPasswordPrompt"
136-->[com.firebaseui:firebase-ui-auth:6.4.0] AndroidManifest.xml:59:13-83
137            android:exported="false"
137-->[com.firebaseui:firebase-ui-auth:6.4.0] AndroidManifest.xml:60:13-37
138            android:label="@string/fui_title_welcome_back_password_prompt"
138-->[com.firebaseui:firebase-ui-auth:6.4.0] AndroidManifest.xml:61:13-75
139            android:windowSoftInputMode="adjustResize" />
139-->[com.firebaseui:firebase-ui-auth:6.4.0] AndroidManifest.xml:62:13-55
140        <activity
140-->[com.firebaseui:firebase-ui-auth:6.4.0] AndroidManifest.xml:63:9-67:58
141            android:name="com.firebase.ui.auth.ui.email.WelcomeBackEmailLinkPrompt"
141-->[com.firebaseui:firebase-ui-auth:6.4.0] AndroidManifest.xml:64:13-84
142            android:exported="false"
142-->[com.firebaseui:firebase-ui-auth:6.4.0] AndroidManifest.xml:65:13-37
143            android:label="@string/fui_title_welcome_back_password_prompt"
143-->[com.firebaseui:firebase-ui-auth:6.4.0] AndroidManifest.xml:66:13-75
144            android:windowSoftInputMode="adjustResize" />
144-->[com.firebaseui:firebase-ui-auth:6.4.0] AndroidManifest.xml:67:13-55
145        <activity
145-->[com.firebaseui:firebase-ui-auth:6.4.0] AndroidManifest.xml:68:9-73:58
146            android:name="com.firebase.ui.auth.ui.email.EmailLinkCatcherActivity"
146-->[com.firebaseui:firebase-ui-auth:6.4.0] AndroidManifest.xml:69:13-82
147            android:exported="false"
147-->[com.firebaseui:firebase-ui-auth:6.4.0] AndroidManifest.xml:70:13-37
148            android:label=""
148-->[com.firebaseui:firebase-ui-auth:6.4.0] AndroidManifest.xml:71:13-29
149            android:theme="@style/FirebaseUI.Transparent"
149-->[com.firebaseui:firebase-ui-auth:6.4.0] AndroidManifest.xml:72:13-58
150            android:windowSoftInputMode="adjustResize" />
150-->[com.firebaseui:firebase-ui-auth:6.4.0] AndroidManifest.xml:73:13-55
151        <activity
151-->[com.firebaseui:firebase-ui-auth:6.4.0] AndroidManifest.xml:74:9-78:58
152            android:name="com.firebase.ui.auth.ui.email.EmailLinkErrorRecoveryActivity"
152-->[com.firebaseui:firebase-ui-auth:6.4.0] AndroidManifest.xml:75:13-88
153            android:exported="false"
153-->[com.firebaseui:firebase-ui-auth:6.4.0] AndroidManifest.xml:76:13-37
154            android:label="@string/fui_sign_in_default"
154-->[com.firebaseui:firebase-ui-auth:6.4.0] AndroidManifest.xml:77:13-56
155            android:windowSoftInputMode="adjustResize" />
155-->[com.firebaseui:firebase-ui-auth:6.4.0] AndroidManifest.xml:78:13-55
156        <activity
156-->[com.firebaseui:firebase-ui-auth:6.4.0] AndroidManifest.xml:79:9-82:65
157            android:name="com.firebase.ui.auth.ui.idp.AuthMethodPickerActivity"
157-->[com.firebaseui:firebase-ui-auth:6.4.0] AndroidManifest.xml:80:13-80
158            android:exported="false"
158-->[com.firebaseui:firebase-ui-auth:6.4.0] AndroidManifest.xml:81:13-37
159            android:label="@string/fui_default_toolbar_title" />
159-->[com.firebaseui:firebase-ui-auth:6.4.0] AndroidManifest.xml:82:13-62
160        <activity
160-->[com.firebaseui:firebase-ui-auth:6.4.0] AndroidManifest.xml:83:9-87:48
161            android:name="com.facebook.FacebookActivity"
161-->[com.firebaseui:firebase-ui-auth:6.4.0] AndroidManifest.xml:84:13-57
162            android:configChanges="keyboard|keyboardHidden|screenLayout|screenSize|orientation"
162-->[com.firebaseui:firebase-ui-auth:6.4.0] AndroidManifest.xml:85:13-96
163            android:label="@string/app_name" />
163-->[com.firebaseui:firebase-ui-auth:6.4.0] AndroidManifest.xml:86:13-45
164        <activity
164-->[com.firebaseui:firebase-ui-auth:6.4.0] AndroidManifest.xml:88:9-100:20
165            android:name="com.facebook.CustomTabActivity"
165-->[com.firebaseui:firebase-ui-auth:6.4.0] AndroidManifest.xml:89:13-58
166            android:exported="true" >
166-->[com.firebaseui:firebase-ui-auth:6.4.0] AndroidManifest.xml:90:13-36
167            <intent-filter>
167-->[com.firebaseui:firebase-ui-auth:6.4.0] AndroidManifest.xml:92:13-99:29
168                <action android:name="android.intent.action.VIEW" />
168-->[com.firebaseui:firebase-ui-auth:6.4.0] AndroidManifest.xml:93:17-69
168-->[com.firebaseui:firebase-ui-auth:6.4.0] AndroidManifest.xml:93:25-66
169
170                <category android:name="android.intent.category.DEFAULT" />
170-->[com.firebaseui:firebase-ui-auth:6.4.0] AndroidManifest.xml:95:17-76
170-->[com.firebaseui:firebase-ui-auth:6.4.0] AndroidManifest.xml:95:27-73
171                <category android:name="android.intent.category.BROWSABLE" />
171-->[com.firebaseui:firebase-ui-auth:6.4.0] AndroidManifest.xml:96:17-78
171-->[com.firebaseui:firebase-ui-auth:6.4.0] AndroidManifest.xml:96:27-75
172
173                <data android:scheme="@string/facebook_login_protocol_scheme" />
173-->[com.firebaseui:firebase-ui-auth:6.4.0] AndroidManifest.xml:98:17-81
173-->[com.firebaseui:firebase-ui-auth:6.4.0] AndroidManifest.xml:98:23-78
174            </intent-filter>
175        </activity>
176
177        <provider
177-->[com.firebaseui:firebase-ui-auth:6.4.0] AndroidManifest.xml:102:9-106:38
178            android:name="com.firebase.ui.auth.data.client.AuthUiInitProvider"
178-->[com.firebaseui:firebase-ui-auth:6.4.0] AndroidManifest.xml:103:13-79
179            android:authorities="com.example.contactapp.authuiinitprovider"
179-->[com.firebaseui:firebase-ui-auth:6.4.0] AndroidManifest.xml:104:13-70
180            android:exported="false"
180-->[com.firebaseui:firebase-ui-auth:6.4.0] AndroidManifest.xml:105:13-37
181            android:initOrder="90" />
181-->[com.firebaseui:firebase-ui-auth:6.4.0] AndroidManifest.xml:106:13-35
182
183        <service
183-->[com.google.firebase:firebase-database:20.0.0] AndroidManifest.xml:29:9-35:19
184            android:name="com.google.firebase.components.ComponentDiscoveryService"
184-->[com.google.firebase:firebase-database:20.0.0] AndroidManifest.xml:30:13-84
185            android:directBootAware="true"
185-->[com.google.firebase:firebase-common:20.0.0] AndroidManifest.xml:35:13-43
186            android:exported="false" >
186-->[com.google.firebase:firebase-database:20.0.0] AndroidManifest.xml:31:13-37
187            <meta-data
187-->[com.google.firebase:firebase-database:20.0.0] AndroidManifest.xml:32:13-34:85
188                android:name="com.google.firebase.components:com.google.firebase.database.DatabaseRegistrar"
188-->[com.google.firebase:firebase-database:20.0.0] AndroidManifest.xml:33:17-109
189                android:value="com.google.firebase.components.ComponentRegistrar" />
189-->[com.google.firebase:firebase-database:20.0.0] AndroidManifest.xml:34:17-82
190            <meta-data
190-->[com.google.firebase:firebase-auth:21.0.1] AndroidManifest.xml:77:13-79:85
191                android:name="com.google.firebase.components:com.google.firebase.auth.FirebaseAuthRegistrar"
191-->[com.google.firebase:firebase-auth:21.0.1] AndroidManifest.xml:78:17-109
192                android:value="com.google.firebase.components.ComponentRegistrar" />
192-->[com.google.firebase:firebase-auth:21.0.1] AndroidManifest.xml:79:17-82
193            <meta-data
193-->[com.google.firebase:firebase-storage:20.0.0] AndroidManifest.xml:33:13-35:85
194                android:name="com.google.firebase.components:com.google.firebase.storage.StorageRegistrar"
194-->[com.google.firebase:firebase-storage:20.0.0] AndroidManifest.xml:34:17-107
195                android:value="com.google.firebase.components.ComponentRegistrar" />
195-->[com.google.firebase:firebase-storage:20.0.0] AndroidManifest.xml:35:17-82
196            <meta-data
196-->[com.google.android.gms:play-services-measurement-api:19.0.0] AndroidManifest.xml:30:13-32:85
197                android:name="com.google.firebase.components:com.google.firebase.analytics.connector.internal.AnalyticsConnectorRegistrar"
197-->[com.google.android.gms:play-services-measurement-api:19.0.0] AndroidManifest.xml:31:17-139
198                android:value="com.google.firebase.components.ComponentRegistrar" />
198-->[com.google.android.gms:play-services-measurement-api:19.0.0] AndroidManifest.xml:32:17-82
199            <meta-data
199-->[com.google.firebase:firebase-installations:17.0.0] AndroidManifest.xml:18:13-20:85
200                android:name="com.google.firebase.components:com.google.firebase.installations.FirebaseInstallationsRegistrar"
200-->[com.google.firebase:firebase-installations:17.0.0] AndroidManifest.xml:19:17-127
201                android:value="com.google.firebase.components.ComponentRegistrar" />
201-->[com.google.firebase:firebase-installations:17.0.0] AndroidManifest.xml:20:17-82
202        </service>
203
204        <activity
204-->[com.google.firebase:firebase-auth:21.0.1] AndroidManifest.xml:27:9-44:20
205            android:name="com.google.firebase.auth.internal.GenericIdpActivity"
205-->[com.google.firebase:firebase-auth:21.0.1] AndroidManifest.xml:28:13-80
206            android:excludeFromRecents="true"
206-->[com.google.firebase:firebase-auth:21.0.1] AndroidManifest.xml:29:13-46
207            android:exported="true"
207-->[com.google.firebase:firebase-auth:21.0.1] AndroidManifest.xml:30:13-36
208            android:launchMode="singleTask"
208-->[com.google.firebase:firebase-auth:21.0.1] AndroidManifest.xml:31:13-44
209            android:theme="@android:style/Theme.Translucent.NoTitleBar" >
209-->[com.google.firebase:firebase-auth:21.0.1] AndroidManifest.xml:32:13-72
210            <intent-filter>
210-->[com.google.firebase:firebase-auth:21.0.1] AndroidManifest.xml:33:13-43:29
211                <action android:name="android.intent.action.VIEW" />
211-->[com.firebaseui:firebase-ui-auth:6.4.0] AndroidManifest.xml:93:17-69
211-->[com.firebaseui:firebase-ui-auth:6.4.0] AndroidManifest.xml:93:25-66
212
213                <category android:name="android.intent.category.DEFAULT" />
213-->[com.firebaseui:firebase-ui-auth:6.4.0] AndroidManifest.xml:95:17-76
213-->[com.firebaseui:firebase-ui-auth:6.4.0] AndroidManifest.xml:95:27-73
214                <category android:name="android.intent.category.BROWSABLE" />
214-->[com.firebaseui:firebase-ui-auth:6.4.0] AndroidManifest.xml:96:17-78
214-->[com.firebaseui:firebase-ui-auth:6.4.0] AndroidManifest.xml:96:27-75
215
216                <data
216-->[com.firebaseui:firebase-ui-auth:6.4.0] AndroidManifest.xml:98:17-81
217                    android:host="firebase.auth"
218                    android:path="/"
219                    android:scheme="genericidp" />
219-->[com.firebaseui:firebase-ui-auth:6.4.0] AndroidManifest.xml:98:23-78
220            </intent-filter>
221        </activity>
222        <activity
222-->[com.google.firebase:firebase-auth:21.0.1] AndroidManifest.xml:45:9-62:20
223            android:name="com.google.firebase.auth.internal.RecaptchaActivity"
223-->[com.google.firebase:firebase-auth:21.0.1] AndroidManifest.xml:46:13-79
224            android:excludeFromRecents="true"
224-->[com.google.firebase:firebase-auth:21.0.1] AndroidManifest.xml:47:13-46
225            android:exported="true"
225-->[com.google.firebase:firebase-auth:21.0.1] AndroidManifest.xml:48:13-36
226            android:launchMode="singleTask"
226-->[com.google.firebase:firebase-auth:21.0.1] AndroidManifest.xml:49:13-44
227            android:theme="@android:style/Theme.Translucent.NoTitleBar" >
227-->[com.google.firebase:firebase-auth:21.0.1] AndroidManifest.xml:50:13-72
228            <intent-filter>
228-->[com.google.firebase:firebase-auth:21.0.1] AndroidManifest.xml:51:13-61:29
229                <action android:name="android.intent.action.VIEW" />
229-->[com.firebaseui:firebase-ui-auth:6.4.0] AndroidManifest.xml:93:17-69
229-->[com.firebaseui:firebase-ui-auth:6.4.0] AndroidManifest.xml:93:25-66
230
231                <category android:name="android.intent.category.DEFAULT" />
231-->[com.firebaseui:firebase-ui-auth:6.4.0] AndroidManifest.xml:95:17-76
231-->[com.firebaseui:firebase-ui-auth:6.4.0] AndroidManifest.xml:95:27-73
232                <category android:name="android.intent.category.BROWSABLE" />
232-->[com.firebaseui:firebase-ui-auth:6.4.0] AndroidManifest.xml:96:17-78
232-->[com.firebaseui:firebase-ui-auth:6.4.0] AndroidManifest.xml:96:27-75
233
234                <data
234-->[com.firebaseui:firebase-ui-auth:6.4.0] AndroidManifest.xml:98:17-81
235                    android:host="firebase.auth"
236                    android:path="/"
237                    android:scheme="recaptcha" />
237-->[com.firebaseui:firebase-ui-auth:6.4.0] AndroidManifest.xml:98:23-78
238            </intent-filter>
239        </activity>
240
241        <service
241-->[com.google.firebase:firebase-auth:21.0.1] AndroidManifest.xml:64:9-73:19
242            android:name="com.google.firebase.auth.api.fallback.service.FirebaseAuthFallbackService"
242-->[com.google.firebase:firebase-auth:21.0.1] AndroidManifest.xml:65:13-101
243            android:enabled="true"
243-->[com.google.firebase:firebase-auth:21.0.1] AndroidManifest.xml:66:13-35
244            android:exported="false" >
244-->[com.google.firebase:firebase-auth:21.0.1] AndroidManifest.xml:67:13-37
245            <intent-filter>
245-->[com.google.firebase:firebase-auth:21.0.1] AndroidManifest.xml:68:13-72:29
246                <action android:name="com.google.firebase.auth.api.gms.service.START" />
246-->[com.google.firebase:firebase-auth:21.0.1] AndroidManifest.xml:69:17-89
246-->[com.google.firebase:firebase-auth:21.0.1] AndroidManifest.xml:69:25-86
247
248                <category android:name="android.intent.category.DEFAULT" />
248-->[com.firebaseui:firebase-ui-auth:6.4.0] AndroidManifest.xml:95:17-76
248-->[com.firebaseui:firebase-ui-auth:6.4.0] AndroidManifest.xml:95:27-73
249            </intent-filter>
250        </service>
251
252        <activity
252-->[com.google.android.gms:play-services-auth:19.0.0] AndroidManifest.xml:23:9-27:75